2017-01-18 00:37:00,117 - demksvr.py line: 67 - [INFO] : Start serving at port  7856
2017-01-18 00:37:00,117 - demksvr.py line: 68 - [INFO] : os.environ=
2017-01-18 01:01:14,285 - demksvr.py line: 67 - [INFO] : Start serving at port  7856
2017-01-18 01:01:14,285 - demksvr.py line: 68 - [INFO] : os.environ=
2017-01-23 10:47:27,085 - demksvr.py line: 67 - [INFO] : Start serving at port  7856
2017-01-23 10:47:27,085 - demksvr.py line: 68 - [INFO] : os.environ=
2017-01-24 11:57:48,404 - demksvr.py line: 67 - [INFO] : Start serving at port  7856
2017-01-24 11:57:48,404 - demksvr.py line: 68 - [INFO] : os.environ=
2017-01-24 11:58:10,233 - demkfunc.py line: 88 - [INFO] : ret=
2017-01-24 11:58:10,237 - demkrest.py line: 75 - [INFO] : call_demk_return m=
2017-01-24 18:40:04,371 - demksvr.py line: 67 - [INFO] : Start serving at port  7856
2017-01-24 18:40:04,371 - demksvr.py line: 68 - [INFO] : os.environ=
2017-01-24 18:40:13,240 - demkfunc.py line: 88 - [INFO] : ret=
2017-01-24 18:40:13,246 - demkrest.py line: 75 - [INFO] : call_demk_return m=
2017-01-24 18:43:11,332 - demksvr.py line: 67 - [INFO] : Start serving at port  7856
2017-01-24 18:43:25,752 - demksvr.py line: 67 - [INFO] : Start serving at port  7856
=============
2017-01-24 18:44:25,801 - demksvr.py line: 67 - [INFO] : Start serving at port  7856
2017-01-24 18:47:35,982 - demksvr.py line: 67 - [INFO] : Start serving at port  7856
2017-01-24 18:47:35,982 - demksvr.py line: 68 - [INFO] : os.environ={'TMP': 'C:\\Users\\IBM_AD~1\\AppData\\Local\\Temp', 'PYTHONIOENCODING': 'Cp1252', 'COMPUTERNAME': 'IBM712-R9T0WAZ', 'VS110COMNTOOLS': 'C:\\Program Files (x86)\\Microsoft Visual Studio 11.0\\Common7\\Tools\\', 'USERDOMAIN': 'IBM712-R9T0WAZ', 'PSMODULEPATH': 'C:\\windows\\system32\\WindowsPowerShell\\v1.0\\Modules\\', 'COMMONPROGRAMFILES': 'C:\\Program Files\\Common Files', 'PROCESSOR_IDENTIFIER': 'Intel64 Family 6 Model 58 Stepping 9, GenuineIntel', 'PROGRAMFILES': 'C:\\Program Files', 'PROCESSOR_REVISION': '3a09', 'SYSTEMROOT': 'C:\\windows', 'PATH': 'C:/jdk1803/bin/../jre/bin/j9vm;C:/jdk1803/bin/../jre/bin;C:/jdk1803/bin/../jre/lib/amd64;C:\\jdk1803\\bin;C:\\windows\\system32;C:\\windows;C:\\windows\\System32\\Wbem;C:\\windows\\System32\\WindowsPowerShell\\v1.0\\;C:\\Program Files\\IBM\\Infoprint Select;C:\\Program Files\\ThinkPad\\Bluetooth Software\\;C:\\Program Files\\ThinkPad\\Bluetooth Software\\syswow64;C:\\Program Files (x86)\\IBM\\Personal Communications\\;C:\\Program Files (x86)\\IBM\\Trace Facility\\;C:\\Program Files\\Microsoft\\Web Platform Installer\\;C:\\Program Files (x86)\\Microsoft ASP.NET\\ASP.NET Web Pages\\v1.0\\;C:\\Program Files (x86)\\Windows Kits\\8.0\\Windows Performance Toolkit\\;C:\\Program Files\\Microsoft SQL Server\\110\\Tools\\Binn\\;C:\\Tools\\eclipse_Neon\\javeEE-neon\\eclipse;;C:\\Python27\\lib\\site-packages\\pywin32_system32', 'PYTHONUNBUFFERED': '1', 'PROGRAMFILES(X86)': 'C:\\Program Files (x86)', 'PCOMM_ROOT': 'C:\\Program Files (x86)\\IBM\\Personal Communications\\', 'TFS_DIR': 'c:\\Program Files\\ThinkVantage Fingerprint Software\\', 'TEMP': 'C:\\Users\\IBM_AD~1\\AppData\\Local\\Temp', 'ALLUSERSPROFILE': 'C:\\ProgramData', 'COMMONPROGRAMFILES(X86)': 'C:\\Program Files (x86)\\Common Files', 'PROCESSOR_ARCHITECTURE': 'AMD64', 'PD_SOCKET': '6874', 'PYDEV_CONSOLE_ENCODING': 'Cp1252', 'LOCALAPPDATA': 'C:\\Users\\IBM_ADMIN\\AppData\\Local', 'HOMEPATH': '\\Users\\IBM_ADMIN', 'PROGRAMW6432': 'C:\\Program Files', 'USERNAME': 'dlee', 'LOGONSERVER': '\\\\IBM712-R9T0WAZ', 'PROMPT': '$P$G', 'PDBASE': 'C:\\Program Files\\IBM\\Infoprint Select', 'PROGRAMDATA': 'C:\\ProgramData', 'PYTHONPATH': 'C:\\Tools\\eclipse_Neon\\javeEE-neon\\eclipse\\plugins\\org.python.pydev_5.4.0.201611281236\\pysrc\\pydev_sitecustomize;C:\\eclipse_wk_space\\neon-test\\webpy_rest;C:\\Python27\\DLLs;C:\\Python27\\lib;C:\\Python27\\lib\\lib-tk;C:\\Python27;C:\\Python27\\lib\\site-packages;C:\\Python27\\lib\\site-packages\\win32;C:\\Python27\\lib\\site-packages\\win32\\lib;C:\\Python27\\lib\\site-packages\\Pythonwin', 'SESSIONNAME': 'Console', 'PATHEXT': '.COM;.EXE;.BAT;.CMD;.VBS;.VBE;.JS;.JSE;.WSF;.WSH;.MSC', 'FP_NO_HOST_CHECK': 'NO', 'WINDIR': 'C:\\windows', 'COMMPATH': 'C:\\Program Files\\Lenovo\\Communications Utility', 'HOMEDRIVE': 'C:', 'SYSTEMDRIVE': 'C:', 'PYDEV_COMPLETER_PYTHONPATH': 'C:\\Tools\\eclipse_Neon\\javeEE-neon\\eclipse\\plugins\\org.python.pydev_5.4.0.201611281236\\pysrc', 'COMSPEC': 'C:\\windows\\system32\\cmd.exe', 'NUMBER_OF_PROCESSORS': '8', 'APPDATA': 'C:\\Users\\IBM_ADMIN\\AppData\\Roaming', 'TSMPATH': 'C:\\Program Files\\ThinkPad\\UltraNav Utility', 'PROCESSOR_LEVEL': '6', 'JAVAHOME': 'C:\\jdk1803', 'COMMONPROGRAMW6432': 'C:\\Program Files\\Common Files', 'OS': 'Windows_NT', 'PUBLIC': 'C:\\Users\\Public', 'USERPROFILE': 'C:\\Users\\IBM_ADMIN'}
2017-01-24 18:47:40,742 - demkrest.py line: 72 - [INFO] : cip=127.0.0.1
2017-01-24 18:47:40,769 - demkfunc.py line: 88 - [INFO] : ret={'zcm': u'15810654', 'mkcode': u'009763F220C61E7C'}
2017-01-24 18:48:02,983 - demkrest.py line: 72 - [INFO] : cip=127.0.0.1
2017-01-24 18:48:03,007 - demkfunc.py line: 88 - [INFO] : ret={'zcm': u'15810654', 'mkcode': u'009763F220C61E7C'}
2017-01-24 18:48:03,013 - demkrest.py line: 75 - [INFO] : call_demk_return m={'zcm': u'15810654', 'mkcode': u'009763F220C61E7C'}
2017-01-24 18:48:10,315 - demkrest.py line: 72 - [INFO] : cip=127.0.0.1
2017-01-24 18:48:10,351 - demkfunc.py line: 88 - [INFO] : ret={'zcm': u'15810654', 'mkcode': u'009763F220C61E7C'}
2017-01-24 18:48:10,357 - demkrest.py line: 75 - [INFO] : call_demk_return m={'zcm': u'15810654', 'mkcode': u'009763F220C61E7C'}
2017-01-24 19:10:53,009 - demksvr.py line: 67 - [INFO] : Start serving at port  7856
2017-01-24 19:10:53,009 - demksvr.py line: 68 - [INFO] : os.environ={'TMP': 'C:\\Users\\IBM_AD~1\\AppData\\Local\\Temp', 'PYTHONIOENCODING': 'Cp1252', 'COMPUTERNAME': 'IBM712-R9T0WAZ', 'VS110COMNTOOLS': 'C:\\Program Files (x86)\\Microsoft Visual Studio 11.0\\Common7\\Tools\\', 'USERDOMAIN': 'IBM712-R9T0WAZ', 'PSMODULEPATH': 'C:\\windows\\system32\\WindowsPowerShell\\v1.0\\Modules\\', 'COMMONPROGRAMFILES': 'C:\\Program Files\\Common Files', 'PROCESSOR_IDENTIFIER': 'Intel64 Family 6 Model 58 Stepping 9, GenuineIntel', 'PROGRAMFILES': 'C:\\Program Files', 'PROCESSOR_REVISION': '3a09', 'SYSTEMROOT': 'C:\\windows', 'PATH': 'C:/jdk1803/bin/../jre/bin/j9vm;C:/jdk1803/bin/../jre/bin;C:/jdk1803/bin/../jre/lib/amd64;C:\\jdk1803\\bin;C:\\windows\\system32;C:\\windows;C:\\windows\\System32\\Wbem;C:\\windows\\System32\\WindowsPowerShell\\v1.0\\;C:\\Program Files\\IBM\\Infoprint Select;C:\\Program Files\\ThinkPad\\Bluetooth Software\\;C:\\Program Files\\ThinkPad\\Bluetooth Software\\syswow64;C:\\Program Files (x86)\\IBM\\Personal Communications\\;C:\\Program Files (x86)\\IBM\\Trace Facility\\;C:\\Program Files\\Microsoft\\Web Platform Installer\\;C:\\Program Files (x86)\\Microsoft ASP.NET\\ASP.NET Web Pages\\v1.0\\;C:\\Program Files (x86)\\Windows Kits\\8.0\\Windows Performance Toolkit\\;C:\\Program Files\\Microsoft SQL Server\\110\\Tools\\Binn\\;C:\\Tools\\eclipse_Neon\\javeEE-neon\\eclipse;;C:\\Python27\\lib\\site-packages\\pywin32_system32', 'PYTHONUNBUFFERED': '1', 'PROGRAMFILES(X86)': 'C:\\Program Files (x86)', 'PCOMM_ROOT': 'C:\\Program Files (x86)\\IBM\\Personal Communications\\', 'TFS_DIR': 'c:\\Program Files\\ThinkVantage Fingerprint Software\\', 'TEMP': 'C:\\Users\\IBM_AD~1\\AppData\\Local\\Temp', 'ALLUSERSPROFILE': 'C:\\ProgramData', 'COMMONPROGRAMFILES(X86)': 'C:\\Program Files (x86)\\Common Files', 'PROCESSOR_ARCHITECTURE': 'AMD64', 'PD_SOCKET': '6874', 'PYDEV_CONSOLE_ENCODING': 'Cp1252', 'LOCALAPPDATA': 'C:\\Users\\IBM_ADMIN\\AppData\\Local', 'HOMEPATH': '\\Users\\IBM_ADMIN', 'PROGRAMW6432': 'C:\\Program Files', 'USERNAME': 'dlee', 'LOGONSERVER': '\\\\IBM712-R9T0WAZ', 'PROMPT': '$P$G', 'PDBASE': 'C:\\Program Files\\IBM\\Infoprint Select', 'PROGRAMDATA': 'C:\\ProgramData', 'PYTHONPATH': 'C:\\Tools\\eclipse_Neon\\javeEE-neon\\eclipse\\plugins\\org.python.pydev_5.4.0.201611281236\\pysrc\\pydev_sitecustomize;C:\\eclipse_wk_space\\neon-test\\webpy_rest;C:\\Python27\\DLLs;C:\\Python27\\lib;C:\\Python27\\lib\\lib-tk;C:\\Python27;C:\\Python27\\lib\\site-packages;C:\\Python27\\lib\\site-packages\\win32;C:\\Python27\\lib\\site-packages\\win32\\lib;C:\\Python27\\lib\\site-packages\\Pythonwin', 'SESSIONNAME': 'Console', 'PATHEXT': '.COM;.EXE;.BAT;.CMD;.VBS;.VBE;.JS;.JSE;.WSF;.WSH;.MSC', 'FP_NO_HOST_CHECK': 'NO', 'WINDIR': 'C:\\windows', 'COMMPATH': 'C:\\Program Files\\Lenovo\\Communications Utility', 'HOMEDRIVE': 'C:', 'SYSTEMDRIVE': 'C:', 'PYDEV_COMPLETER_PYTHONPATH': 'C:\\Tools\\eclipse_Neon\\javeEE-neon\\eclipse\\plugins\\org.python.pydev_5.4.0.201611281236\\pysrc', 'COMSPEC': 'C:\\windows\\system32\\cmd.exe', 'NUMBER_OF_PROCESSORS': '8', 'APPDATA': 'C:\\Users\\IBM_ADMIN\\AppData\\Roaming', 'TSMPATH': 'C:\\Program Files\\ThinkPad\\UltraNav Utility', 'PROCESSOR_LEVEL': '6', 'JAVAHOME': 'C:\\jdk1803', 'COMMONPROGRAMW6432': 'C:\\Program Files\\Common Files', 'OS': 'Windows_NT', 'PUBLIC': 'C:\\Users\\Public', 'USERPROFILE': 'C:\\Users\\IBM_ADMIN'}
2017-01-24 19:10:57,733 - demkrest.py line: 72 - [INFO] : cip=127.0.0.1
2017-01-24 19:10:57,757 - demkfunc.py line: 88 - [INFO] : ret={'exception': "'ascii' codec can't decode byte 0x91 in position 1: ordinal not in range(128)", 'mkcode': u'009763F2'}
2017-01-24 19:10:57,759 - demkrest.py line: 75 - [INFO] : call_demk_return m={'exception': "'ascii' codec can't decode byte 0x91 in position 1: ordinal not in range(128)", 'mkcode': u'009763F2'}
2017-01-24 19:11:32,344 - demkrest.py line: 72 - [INFO] : cip=127.0.0.1
2017-01-24 19:11:32,361 - demkfunc.py line: 88 - [INFO] : ret={'zcm': u'15810654', 'mkcode': u'009763F220C61E7C'}
2017-01-24 19:11:32,368 - demkrest.py line: 75 - [INFO] : call_demk_return m={'zcm': u'15810654', 'mkcode': u'009763F220C61E7C'}
